The system is: Linux - 2.6.32-5-686 - i686
Compiling the C compiler identification source file "CMakeCCompilerId.c" succeeded.
Compiler: /usr/bin/gcc 
Build flags: 
Id flags: 

The output was:
0


Compilation of the C compiler identification source "CMakeCCompilerId.c" produced "a.out"

The C compiler identification is GNU, found in "/home/rafa/Downloads/myro-cpp-2.3.0/build/CMakeFiles/CompilerIdC/a.out"

Compiling the CXX compiler identification source file "CMakeCXXCompilerId.cpp" succeeded.
Compiler: /usr/bin/c++ 
Build flags: 
Id flags: 

The output was:
0


Compilation of the CXX compiler identification source "CMakeCXXCompilerId.cpp" produced "a.out"

The CXX compiler identification is GNU, found in "/home/rafa/Downloads/myro-cpp-2.3.0/build/CMakeFiles/CompilerIdCXX/a.out"

Determining if the C compiler works passed with the following output:
Change Dir: /home/rafa/Downloads/myro-cpp-2.3.0/build/CMakeFiles/CMakeTmp

Run Build Command:/usr/bin/make "cmTryCompileExec/fast"
/usr/bin/make -f CMakeFiles/cmTryCompileExec.dir/build.make CMakeFiles/cmTryCompileExec.dir/build
make[1]: Entering directory `/home/rafa/Downloads/myro-cpp-2.3.0/build/CMakeFiles/CMakeTmp'
/usr/bin/cmake -E cmake_progress_report /home/rafa/Downloads/myro-cpp-2.3.0/build/CMakeFiles/CMakeTmp/CMakeFiles 1
Building C object CMakeFiles/cmTryCompileExec.dir/testCCompiler.c.o
/usr/bin/gcc    -o CMakeFiles/cmTryCompileExec.dir/testCCompiler.c.o   -c /home/rafa/Downloads/myro-cpp-2.3.0/build/CMakeFiles/CMakeTmp/testCCompiler.c
Linking C executable cmTryCompileExec
/usr/bin/cmake -E cmake_link_script CMakeFiles/cmTryCompileExec.dir/link.txt --verbose=1
/usr/bin/gcc         CMakeFiles/cmTryCompileExec.dir/testCCompiler.c.o  -o cmTryCompileExec -rdynamic 
make[1]: Leaving directory `/home/rafa/Downloads/myro-cpp-2.3.0/build/CMakeFiles/CMakeTmp'


Detecting C compiler ABI info compiled with the following output:
Change Dir: /home/rafa/Downloads/myro-cpp-2.3.0/build/CMakeFiles/CMakeTmp

Run Build Command:/usr/bin/make "cmTryCompileExec/fast"
/usr/bin/make -f CMakeFiles/cmTryCompileExec.dir/build.make CMakeFiles/cmTryCompileExec.dir/build
make[1]: Entering directory `/home/rafa/Downloads/myro-cpp-2.3.0/build/CMakeFiles/CMakeTmp'
/usr/bin/cmake -E cmake_progress_report /home/rafa/Downloads/myro-cpp-2.3.0/build/CMakeFiles/CMakeTmp/CMakeFiles 1
Building C object CMakeFiles/cmTryCompileExec.dir/CMakeCCompilerABI.c.o
/usr/bin/gcc    -o CMakeFiles/cmTryCompileExec.dir/CMakeCCompilerABI.c.o   -c /usr/share/cmake-2.8/Modules/CMakeCCompilerABI.c
Linking C executable cmTryCompileExec
/usr/bin/cmake -E cmake_link_script CMakeFiles/cmTryCompileExec.dir/link.txt --verbose=1
/usr/bin/gcc       -v CMakeFiles/cmTryCompileExec.dir/CMakeCCompilerABI.c.o  -o cmTryCompileExec -rdynamic  
Using built-in specs.
COLLECT_GCC=/usr/bin/gcc
COLLECT_LTO_WRAPPER=/usr/lib/i386-linux-gnu/gcc/i486-linux-gnu/4.5.3/lto-wrapper
Target: i486-linux-gnu
Configured with: ../src/configure -v --with-pkgversion='Debian 4.5.3-3' --with-bugurl=file:///usr/share/doc/gcc-4.5/README.Bugs --enable-languages=c,c++,fortran,objc,obj-c++ --prefix=/usr --program-suffix=-4.5 --enable-shared --enable-multiarch --with-multiarch-defaults=i386-linux-gnu --enable-linker-build-id --with-system-zlib --libexecdir=/usr/lib/i386-linux-gnu --without-included-gettext --enable-threads=posix --with-gxx-include-dir=/usr/include/c++/4.5 --libdir=/usr/lib/i386-linux-gnu --enable-nls --enable-clocale=gnu --enable-libstdcxx-debug --enable-libstdcxx-time=yes --enable-plugin --enable-gold --enable-ld=default --with-plugin-ld=ld.gold --enable-objc-gc --enable-targets=all --with-arch-32=i586 --with-tune=generic --enable-checking=release --build=i486-linux-gnu --host=i486-linux-gnu --target=i486-linux-gnu
Thread model: posix
gcc version 4.5.3 (Debian 4.5.3-3) 
COMPILER_PATH=/usr/lib/i386-linux-gnu/gcc/i486-linux-gnu/4.5.3/:/usr/lib/i386-linux-gnu/gcc/i486-linux-gnu/4.5.3/:/usr/lib/i386-linux-gnu/gcc/i486-linux-gnu/:/usr/lib/i386-linux-gnu/gcc/i486-linux-gnu/4.5.3/:/usr/lib/i386-linux-gnu/gcc/i486-linux-gnu/
LIBRARY_PATH=/usr/lib/i386-linux-gnu/gcc/i486-linux-gnu/4.5.3/:/usr/lib/i386-linux-gnu/gcc/i486-linux-gnu/4.5.3/../../../:/lib/:/usr/lib/:/usr/lib/i386-linux-gnu/
COLLECT_GCC_OPTIONS='-v' '-o' 'cmTryCompileExec' '-rdynamic' '-mtune=generic' '-march=i586'
 /usr/lib/i386-linux-gnu/gcc/i486-linux-gnu/4.5.3/collect2 --build-id --no-add-needed --eh-frame-hdr -m elf_i386 --hash-style=both -export-dynamic -dynamic-linker /lib/ld-linux.so.2 -o cmTryCompileExec /usr/lib/i386-linux-gnu/gcc/i486-linux-gnu/4.5.3/../../../crt1.o /usr/lib/i386-linux-gnu/gcc/i486-linux-gnu/4.5.3/../../../crti.o /usr/lib/i386-linux-gnu/gcc/i486-linux-gnu/4.5.3/crtbegin.o -L/usr/lib/i386-linux-gnu/gcc/i486-linux-gnu/4.5.3 -L/usr/lib/i386-linux-gnu/gcc/i486-linux-gnu/4.5.3/../../.. -L/usr/lib/i386-linux-gnu CMakeFiles/cmTryCompileExec.dir/CMakeCCompilerABI.c.o -lgcc --as-needed -lgcc_s --no-as-needed -lc -lgcc --as-needed -lgcc_s --no-as-needed /usr/lib/i386-linux-gnu/gcc/i486-linux-gnu/4.5.3/crtend.o /usr/lib/i386-linux-gnu/gcc/i486-linux-gnu/4.5.3/../../../crtn.o
make[1]: Leaving directory `/home/rafa/Downloads/myro-cpp-2.3.0/build/CMakeFiles/CMakeTmp'


Parsed C implicit link information from above output:
  link line regex: [^( *|.*[/\])(ld|ld|collect2)[^/\]*( |$)]
  ignore line: [Change Dir: /home/rafa/Downloads/myro-cpp-2.3.0/build/CMakeFiles/CMakeTmp]
  ignore line: []
  ignore line: [Run Build Command:/usr/bin/make "cmTryCompileExec/fast"]
  ignore line: [/usr/bin/make -f CMakeFiles/cmTryCompileExec.dir/build.make CMakeFiles/cmTryCompileExec.dir/build]
  ignore line: [make[1]: Entering directory `/home/rafa/Downloads/myro-cpp-2.3.0/build/CMakeFiles/CMakeTmp']
  ignore line: [/usr/bin/cmake -E cmake_progress_report /home/rafa/Downloads/myro-cpp-2.3.0/build/CMakeFiles/CMakeTmp/CMakeFiles 1]
  ignore line: [Building C object CMakeFiles/cmTryCompileExec.dir/CMakeCCompilerABI.c.o]
  ignore line: [/usr/bin/gcc    -o CMakeFiles/cmTryCompileExec.dir/CMakeCCompilerABI.c.o   -c /usr/share/cmake-2.8/Modules/CMakeCCompilerABI.c]
  ignore line: [Linking C executable cmTryCompileExec]
  ignore line: [/usr/bin/cmake -E cmake_link_script CMakeFiles/cmTryCompileExec.dir/link.txt --verbose=1]
  ignore line: [/usr/bin/gcc       -v CMakeFiles/cmTryCompileExec.dir/CMakeCCompilerABI.c.o  -o cmTryCompileExec -rdynamic  ]
  ignore line: [Using built-in specs.]
  ignore line: [COLLECT_GCC=/usr/bin/gcc]
  ignore line: [COLLECT_LTO_WRAPPER=/usr/lib/i386-linux-gnu/gcc/i486-linux-gnu/4.5.3/lto-wrapper]
  ignore line: [Target: i486-linux-gnu]
  ignore line: [Configured with: ../src/configure -v --with-pkgversion='Debian 4.5.3-3' --with-bugurl=file:///usr/share/doc/gcc-4.5/README.Bugs --enable-languages=c,c++,fortran,objc,obj-c++ --prefix=/usr --program-suffix=-4.5 --enable-shared --enable-multiarch --with-multiarch-defaults=i386-linux-gnu --enable-linker-build-id --with-system-zlib --libexecdir=/usr/lib/i386-linux-gnu --without-included-gettext --enable-threads=posix --with-gxx-include-dir=/usr/include/c++/4.5 --libdir=/usr/lib/i386-linux-gnu --enable-nls --enable-clocale=gnu --enable-libstdcxx-debug --enable-libstdcxx-time=yes --enable-plugin --enable-gold --enable-ld=default --with-plugin-ld=ld.gold --enable-objc-gc --enable-targets=all --with-arch-32=i586 --with-tune=generic --enable-checking=release --build=i486-linux-gnu --host=i486-linux-gnu --target=i486-linux-gnu]
  ignore line: [Thread model: posix]
  ignore line: [gcc version 4.5.3 (Debian 4.5.3-3) ]
  ignore line: [COMPILER_PATH=/usr/lib/i386-linux-gnu/gcc/i486-linux-gnu/4.5.3/:/usr/lib/i386-linux-gnu/gcc/i486-linux-gnu/4.5.3/:/usr/lib/i386-linux-gnu/gcc/i486-linux-gnu/:/usr/lib/i386-linux-gnu/gcc/i486-linux-gnu/4.5.3/:/usr/lib/i386-linux-gnu/gcc/i486-linux-gnu/]
  ignore line: [LIBRARY_PATH=/usr/lib/i386-linux-gnu/gcc/i486-linux-gnu/4.5.3/:/usr/lib/i386-linux-gnu/gcc/i486-linux-gnu/4.5.3/../../../:/lib/:/usr/lib/:/usr/lib/i386-linux-gnu/]
  ignore line: [COLLECT_GCC_OPTIONS='-v' '-o' 'cmTryCompileExec' '-rdynamic' '-mtune=generic' '-march=i586']
  link line: [ /usr/lib/i386-linux-gnu/gcc/i486-linux-gnu/4.5.3/collect2 --build-id --no-add-needed --eh-frame-hdr -m elf_i386 --hash-style=both -export-dynamic -dynamic-linker /lib/ld-linux.so.2 -o cmTryCompileExec /usr/lib/i386-linux-gnu/gcc/i486-linux-gnu/4.5.3/../../../crt1.o /usr/lib/i386-linux-gnu/gcc/i486-linux-gnu/4.5.3/../../../crti.o /usr/lib/i386-linux-gnu/gcc/i486-linux-gnu/4.5.3/crtbegin.o -L/usr/lib/i386-linux-gnu/gcc/i486-linux-gnu/4.5.3 -L/usr/lib/i386-linux-gnu/gcc/i486-linux-gnu/4.5.3/../../.. -L/usr/lib/i386-linux-gnu CMakeFiles/cmTryCompileExec.dir/CMakeCCompilerABI.c.o -lgcc --as-needed -lgcc_s --no-as-needed -lc -lgcc --as-needed -lgcc_s --no-as-needed /usr/lib/i386-linux-gnu/gcc/i486-linux-gnu/4.5.3/crtend.o /usr/lib/i386-linux-gnu/gcc/i486-linux-gnu/4.5.3/../../../crtn.o]
    arg [/usr/lib/i386-linux-gnu/gcc/i486-linux-gnu/4.5.3/collect2] ==> ignore
    arg [--build-id] ==> ignore
    arg [--no-add-needed] ==> ignore
    arg [--eh-frame-hdr] ==> ignore
    arg [-m] ==> ignore
    arg [elf_i386] ==> ignore
    arg [--hash-style=both] ==> ignore
    arg [-export-dynamic] ==> ignore
    arg [-dynamic-linker] ==> ignore
    arg [/lib/ld-linux.so.2] ==> ignore
    arg [-o] ==> ignore
    arg [cmTryCompileExec] ==> ignore
    arg [/usr/lib/i386-linux-gnu/gcc/i486-linux-gnu/4.5.3/../../../crt1.o] ==> ignore
    arg [/usr/lib/i386-linux-gnu/gcc/i486-linux-gnu/4.5.3/../../../crti.o] ==> ignore
    arg [/usr/lib/i386-linux-gnu/gcc/i486-linux-gnu/4.5.3/crtbegin.o] ==> ignore
    arg [-L/usr/lib/i386-linux-gnu/gcc/i486-linux-gnu/4.5.3] ==> dir [/usr/lib/i386-linux-gnu/gcc/i486-linux-gnu/4.5.3]
    arg [-L/usr/lib/i386-linux-gnu/gcc/i486-linux-gnu/4.5.3/../../..] ==> dir [/usr/lib/i386-linux-gnu/gcc/i486-linux-gnu/4.5.3/../../..]
    arg [-L/usr/lib/i386-linux-gnu] ==> dir [/usr/lib/i386-linux-gnu]
    arg [CMakeFiles/cmTryCompileExec.dir/CMakeCCompilerABI.c.o] ==> ignore
    arg [-lgcc] ==> lib [gcc]
    arg [--as-needed] ==> ignore
    arg [-lgcc_s] ==> lib [gcc_s]
    arg [--no-as-needed] ==> ignore
    arg [-lc] ==> lib [c]
    arg [-lgcc] ==> lib [gcc]
    arg [--as-needed] ==> ignore
    arg [-lgcc_s] ==> lib [gcc_s]
    arg [--no-as-needed] ==> ignore
    arg [/usr/lib/i386-linux-gnu/gcc/i486-linux-gnu/4.5.3/crtend.o] ==> ignore
    arg [/usr/lib/i386-linux-gnu/gcc/i486-linux-gnu/4.5.3/../../../crtn.o] ==> ignore
  remove lib [gcc]
  remove lib [gcc_s]
  remove lib [gcc]
  remove lib [gcc_s]
  collapse dir [/usr/lib/i386-linux-gnu/gcc/i486-linux-gnu/4.5.3] ==> [/usr/lib/i386-linux-gnu/gcc/i486-linux-gnu/4.5.3]
  collapse dir [/usr/lib/i386-linux-gnu/gcc/i486-linux-gnu/4.5.3/../../..] ==> [/usr/lib/i386-linux-gnu]
  collapse dir [/usr/lib/i386-linux-gnu] ==> [/usr/lib/i386-linux-gnu]
  implicit libs: [c]
  implicit dirs: [/usr/lib/i386-linux-gnu/gcc/i486-linux-gnu/4.5.3;/usr/lib/i386-linux-gnu]


Determining if the CXX compiler works passed with the following output:
Change Dir: /home/rafa/Downloads/myro-cpp-2.3.0/build/CMakeFiles/CMakeTmp

Run Build Command:/usr/bin/make "cmTryCompileExec/fast"
/usr/bin/make -f CMakeFiles/cmTryCompileExec.dir/build.make CMakeFiles/cmTryCompileExec.dir/build
make[1]: Entering directory `/home/rafa/Downloads/myro-cpp-2.3.0/build/CMakeFiles/CMakeTmp'
/usr/bin/cmake -E cmake_progress_report /home/rafa/Downloads/myro-cpp-2.3.0/build/CMakeFiles/CMakeTmp/CMakeFiles 1
Building CXX object CMakeFiles/cmTryCompileExec.dir/testCXXCompiler.cxx.o
/usr/bin/c++     -o CMakeFiles/cmTryCompileExec.dir/testCXXCompiler.cxx.o -c /home/rafa/Downloads/myro-cpp-2.3.0/build/CMakeFiles/CMakeTmp/testCXXCompiler.cxx
Linking CXX executable cmTryCompileExec
/usr/bin/cmake -E cmake_link_script CMakeFiles/cmTryCompileExec.dir/link.txt --verbose=1
/usr/bin/c++          CMakeFiles/cmTryCompileExec.dir/testCXXCompiler.cxx.o  -o cmTryCompileExec -rdynamic 
make[1]: Leaving directory `/home/rafa/Downloads/myro-cpp-2.3.0/build/CMakeFiles/CMakeTmp'


Detecting CXX compiler ABI info compiled with the following output:
Change Dir: /home/rafa/Downloads/myro-cpp-2.3.0/build/CMakeFiles/CMakeTmp

Run Build Command:/usr/bin/make "cmTryCompileExec/fast"
/usr/bin/make -f CMakeFiles/cmTryCompileExec.dir/build.make CMakeFiles/cmTryCompileExec.dir/build
make[1]: Entering directory `/home/rafa/Downloads/myro-cpp-2.3.0/build/CMakeFiles/CMakeTmp'
/usr/bin/cmake -E cmake_progress_report /home/rafa/Downloads/myro-cpp-2.3.0/build/CMakeFiles/CMakeTmp/CMakeFiles 1
Building CXX object CMakeFiles/cmTryCompileExec.dir/CMakeCXXCompilerABI.cpp.o
/usr/bin/c++     -o CMakeFiles/cmTryCompileExec.dir/CMakeCXXCompilerABI.cpp.o -c /usr/share/cmake-2.8/Modules/CMakeCXXCompilerABI.cpp
Linking CXX executable cmTryCompileExec
/usr/bin/cmake -E cmake_link_script CMakeFiles/cmTryCompileExec.dir/link.txt --verbose=1
/usr/bin/c++        -v CMakeFiles/cmTryCompileExec.dir/CMakeCXXCompilerABI.cpp.o  -o cmTryCompileExec -rdynamic  
Using built-in specs.
COLLECT_GCC=/usr/bin/c++
COLLECT_LTO_WRAPPER=/usr/lib/i386-linux-gnu/gcc/i486-linux-gnu/4.5.3/lto-wrapper
Target: i486-linux-gnu
Configured with: ../src/configure -v --with-pkgversion='Debian 4.5.3-3' --with-bugurl=file:///usr/share/doc/gcc-4.5/README.Bugs --enable-languages=c,c++,fortran,objc,obj-c++ --prefix=/usr --program-suffix=-4.5 --enable-shared --enable-multiarch --with-multiarch-defaults=i386-linux-gnu --enable-linker-build-id --with-system-zlib --libexecdir=/usr/lib/i386-linux-gnu --without-included-gettext --enable-threads=posix --with-gxx-include-dir=/usr/include/c++/4.5 --libdir=/usr/lib/i386-linux-gnu --enable-nls --enable-clocale=gnu --enable-libstdcxx-debug --enable-libstdcxx-time=yes --enable-plugin --enable-gold --enable-ld=default --with-plugin-ld=ld.gold --enable-objc-gc --enable-targets=all --with-arch-32=i586 --with-tune=generic --enable-checking=release --build=i486-linux-gnu --host=i486-linux-gnu --target=i486-linux-gnu
Thread model: posix
gcc version 4.5.3 (Debian 4.5.3-3) 
COMPILER_PATH=/usr/lib/i386-linux-gnu/gcc/i486-linux-gnu/4.5.3/:/usr/lib/i386-linux-gnu/gcc/i486-linux-gnu/4.5.3/:/usr/lib/i386-linux-gnu/gcc/i486-linux-gnu/:/usr/lib/i386-linux-gnu/gcc/i486-linux-gnu/4.5.3/:/usr/lib/i386-linux-gnu/gcc/i486-linux-gnu/
LIBRARY_PATH=/usr/lib/i386-linux-gnu/gcc/i486-linux-gnu/4.5.3/:/usr/lib/i386-linux-gnu/gcc/i486-linux-gnu/4.5.3/../../../:/lib/:/usr/lib/:/usr/lib/i386-linux-gnu/
COLLECT_GCC_OPTIONS='-v' '-o' 'cmTryCompileExec' '-rdynamic' '-shared-libgcc' '-mtune=generic' '-march=i586'
 /usr/lib/i386-linux-gnu/gcc/i486-linux-gnu/4.5.3/collect2 --build-id --no-add-needed --eh-frame-hdr -m elf_i386 --hash-style=both -export-dynamic -dynamic-linker /lib/ld-linux.so.2 -o cmTryCompileExec /usr/lib/i386-linux-gnu/gcc/i486-linux-gnu/4.5.3/../../../crt1.o /usr/lib/i386-linux-gnu/gcc/i486-linux-gnu/4.5.3/../../../crti.o /usr/lib/i386-linux-gnu/gcc/i486-linux-gnu/4.5.3/crtbegin.o -L/usr/lib/i386-linux-gnu/gcc/i486-linux-gnu/4.5.3 -L/usr/lib/i386-linux-gnu/gcc/i486-linux-gnu/4.5.3/../../.. -L/usr/lib/i386-linux-gnu CMakeFiles/cmTryCompileExec.dir/CMakeCXXCompilerABI.cpp.o -lstdc++ -lm -lgcc_s -lgcc -lc -lgcc_s -lgcc /usr/lib/i386-linux-gnu/gcc/i486-linux-gnu/4.5.3/crtend.o /usr/lib/i386-linux-gnu/gcc/i486-linux-gnu/4.5.3/../../../crtn.o
make[1]: Leaving directory `/home/rafa/Downloads/myro-cpp-2.3.0/build/CMakeFiles/CMakeTmp'


Parsed CXX implicit link information from above output:
  link line regex: [^( *|.*[/\])(ld|ld|collect2)[^/\]*( |$)]
  ignore line: [Change Dir: /home/rafa/Downloads/myro-cpp-2.3.0/build/CMakeFiles/CMakeTmp]
  ignore line: []
  ignore line: [Run Build Command:/usr/bin/make "cmTryCompileExec/fast"]
  ignore line: [/usr/bin/make -f CMakeFiles/cmTryCompileExec.dir/build.make CMakeFiles/cmTryCompileExec.dir/build]
  ignore line: [make[1]: Entering directory `/home/rafa/Downloads/myro-cpp-2.3.0/build/CMakeFiles/CMakeTmp']
  ignore line: [/usr/bin/cmake -E cmake_progress_report /home/rafa/Downloads/myro-cpp-2.3.0/build/CMakeFiles/CMakeTmp/CMakeFiles 1]
  ignore line: [Building CXX object CMakeFiles/cmTryCompileExec.dir/CMakeCXXCompilerABI.cpp.o]
  ignore line: [/usr/bin/c++     -o CMakeFiles/cmTryCompileExec.dir/CMakeCXXCompilerABI.cpp.o -c /usr/share/cmake-2.8/Modules/CMakeCXXCompilerABI.cpp]
  ignore line: [Linking CXX executable cmTryCompileExec]
  ignore line: [/usr/bin/cmake -E cmake_link_script CMakeFiles/cmTryCompileExec.dir/link.txt --verbose=1]
  ignore line: [/usr/bin/c++        -v CMakeFiles/cmTryCompileExec.dir/CMakeCXXCompilerABI.cpp.o  -o cmTryCompileExec -rdynamic  ]
  ignore line: [Using built-in specs.]
  ignore line: [COLLECT_GCC=/usr/bin/c++]
  ignore line: [COLLECT_LTO_WRAPPER=/usr/lib/i386-linux-gnu/gcc/i486-linux-gnu/4.5.3/lto-wrapper]
  ignore line: [Target: i486-linux-gnu]
  ignore line: [Configured with: ../src/configure -v --with-pkgversion='Debian 4.5.3-3' --with-bugurl=file:///usr/share/doc/gcc-4.5/README.Bugs --enable-languages=c,c++,fortran,objc,obj-c++ --prefix=/usr --program-suffix=-4.5 --enable-shared --enable-multiarch --with-multiarch-defaults=i386-linux-gnu --enable-linker-build-id --with-system-zlib --libexecdir=/usr/lib/i386-linux-gnu --without-included-gettext --enable-threads=posix --with-gxx-include-dir=/usr/include/c++/4.5 --libdir=/usr/lib/i386-linux-gnu --enable-nls --enable-clocale=gnu --enable-libstdcxx-debug --enable-libstdcxx-time=yes --enable-plugin --enable-gold --enable-ld=default --with-plugin-ld=ld.gold --enable-objc-gc --enable-targets=all --with-arch-32=i586 --with-tune=generic --enable-checking=release --build=i486-linux-gnu --host=i486-linux-gnu --target=i486-linux-gnu]
  ignore line: [Thread model: posix]
  ignore line: [gcc version 4.5.3 (Debian 4.5.3-3) ]
  ignore line: [COMPILER_PATH=/usr/lib/i386-linux-gnu/gcc/i486-linux-gnu/4.5.3/:/usr/lib/i386-linux-gnu/gcc/i486-linux-gnu/4.5.3/:/usr/lib/i386-linux-gnu/gcc/i486-linux-gnu/:/usr/lib/i386-linux-gnu/gcc/i486-linux-gnu/4.5.3/:/usr/lib/i386-linux-gnu/gcc/i486-linux-gnu/]
  ignore line: [LIBRARY_PATH=/usr/lib/i386-linux-gnu/gcc/i486-linux-gnu/4.5.3/:/usr/lib/i386-linux-gnu/gcc/i486-linux-gnu/4.5.3/../../../:/lib/:/usr/lib/:/usr/lib/i386-linux-gnu/]
  ignore line: [COLLECT_GCC_OPTIONS='-v' '-o' 'cmTryCompileExec' '-rdynamic' '-shared-libgcc' '-mtune=generic' '-march=i586']
  link line: [ /usr/lib/i386-linux-gnu/gcc/i486-linux-gnu/4.5.3/collect2 --build-id --no-add-needed --eh-frame-hdr -m elf_i386 --hash-style=both -export-dynamic -dynamic-linker /lib/ld-linux.so.2 -o cmTryCompileExec /usr/lib/i386-linux-gnu/gcc/i486-linux-gnu/4.5.3/../../../crt1.o /usr/lib/i386-linux-gnu/gcc/i486-linux-gnu/4.5.3/../../../crti.o /usr/lib/i386-linux-gnu/gcc/i486-linux-gnu/4.5.3/crtbegin.o -L/usr/lib/i386-linux-gnu/gcc/i486-linux-gnu/4.5.3 -L/usr/lib/i386-linux-gnu/gcc/i486-linux-gnu/4.5.3/../../.. -L/usr/lib/i386-linux-gnu CMakeFiles/cmTryCompileExec.dir/CMakeCXXCompilerABI.cpp.o -lstdc++ -lm -lgcc_s -lgcc -lc -lgcc_s -lgcc /usr/lib/i386-linux-gnu/gcc/i486-linux-gnu/4.5.3/crtend.o /usr/lib/i386-linux-gnu/gcc/i486-linux-gnu/4.5.3/../../../crtn.o]
    arg [/usr/lib/i386-linux-gnu/gcc/i486-linux-gnu/4.5.3/collect2] ==> ignore
    arg [--build-id] ==> ignore
    arg [--no-add-needed] ==> ignore
    arg [--eh-frame-hdr] ==> ignore
    arg [-m] ==> ignore
    arg [elf_i386] ==> ignore
    arg [--hash-style=both] ==> ignore
    arg [-export-dynamic] ==> ignore
    arg [-dynamic-linker] ==> ignore
    arg [/lib/ld-linux.so.2] ==> ignore
    arg [-o] ==> ignore
    arg [cmTryCompileExec] ==> ignore
    arg [/usr/lib/i386-linux-gnu/gcc/i486-linux-gnu/4.5.3/../../../crt1.o] ==> ignore
    arg [/usr/lib/i386-linux-gnu/gcc/i486-linux-gnu/4.5.3/../../../crti.o] ==> ignore
    arg [/usr/lib/i386-linux-gnu/gcc/i486-linux-gnu/4.5.3/crtbegin.o] ==> ignore
    arg [-L/usr/lib/i386-linux-gnu/gcc/i486-linux-gnu/4.5.3] ==> dir [/usr/lib/i386-linux-gnu/gcc/i486-linux-gnu/4.5.3]
    arg [-L/usr/lib/i386-linux-gnu/gcc/i486-linux-gnu/4.5.3/../../..] ==> dir [/usr/lib/i386-linux-gnu/gcc/i486-linux-gnu/4.5.3/../../..]
    arg [-L/usr/lib/i386-linux-gnu] ==> dir [/usr/lib/i386-linux-gnu]
    arg [CMakeFiles/cmTryCompileExec.dir/CMakeCXXCompilerABI.cpp.o] ==> ignore
    arg [-lstdc++] ==> lib [stdc++]
    arg [-lm] ==> lib [m]
    arg [-lgcc_s] ==> lib [gcc_s]
    arg [-lgcc] ==> lib [gcc]
    arg [-lc] ==> lib [c]
    arg [-lgcc_s] ==> lib [gcc_s]
    arg [-lgcc] ==> lib [gcc]
    arg [/usr/lib/i386-linux-gnu/gcc/i486-linux-gnu/4.5.3/crtend.o] ==> ignore
    arg [/usr/lib/i386-linux-gnu/gcc/i486-linux-gnu/4.5.3/../../../crtn.o] ==> ignore
  remove lib [gcc_s]
  remove lib [gcc]
  remove lib [gcc_s]
  remove lib [gcc]
  collapse dir [/usr/lib/i386-linux-gnu/gcc/i486-linux-gnu/4.5.3] ==> [/usr/lib/i386-linux-gnu/gcc/i486-linux-gnu/4.5.3]
  collapse dir [/usr/lib/i386-linux-gnu/gcc/i486-linux-gnu/4.5.3/../../..] ==> [/usr/lib/i386-linux-gnu]
  collapse dir [/usr/lib/i386-linux-gnu] ==> [/usr/lib/i386-linux-gnu]
  implicit libs: [stdc++;m;c]
  implicit dirs: [/usr/lib/i386-linux-gnu/gcc/i486-linux-gnu/4.5.3;/usr/lib/i386-linux-gnu]


Determining if the function XOpenDisplay exists in the /usr/lib/i386-linux-gnu/libX11.so;/usr/lib/libXext.so passed with the following output:
Change Dir: /home/rafa/Downloads/myro-cpp-2.3.0/build/CMakeFiles/CMakeTmp

Run Build Command:/usr/bin/make "cmTryCompileExec/fast"
/usr/bin/make -f CMakeFiles/cmTryCompileExec.dir/build.make CMakeFiles/cmTryCompileExec.dir/build
make[1]: Entering directory `/home/rafa/Downloads/myro-cpp-2.3.0/build/CMakeFiles/CMakeTmp'
/usr/bin/cmake -E cmake_progress_report /home/rafa/Downloads/myro-cpp-2.3.0/build/CMakeFiles/CMakeTmp/CMakeFiles 1
Building C object CMakeFiles/cmTryCompileExec.dir/CheckFunctionExists.c.o
/usr/bin/gcc   -DCHECK_FUNCTION_EXISTS=XOpenDisplay   -o CMakeFiles/cmTryCompileExec.dir/CheckFunctionExists.c.o   -c /usr/share/cmake-2.8/Modules/CheckFunctionExists.c
Linking C executable cmTryCompileExec
/usr/bin/cmake -E cmake_link_script CMakeFiles/cmTryCompileExec.dir/link.txt --verbose=1
/usr/bin/gcc     -DCHECK_FUNCTION_EXISTS=XOpenDisplay    CMakeFiles/cmTryCompileExec.dir/CheckFunctionExists.c.o  -o cmTryCompileExec -rdynamic -lX11 -lXext 
make[1]: Leaving directory `/home/rafa/Downloads/myro-cpp-2.3.0/build/CMakeFiles/CMakeTmp'


Determining if the function gethostbyname exists passed with the following output:
Change Dir: /home/rafa/Downloads/myro-cpp-2.3.0/build/CMakeFiles/CMakeTmp

Run Build Command:/usr/bin/make "cmTryCompileExec/fast"
/usr/bin/make -f CMakeFiles/cmTryCompileExec.dir/build.make CMakeFiles/cmTryCompileExec.dir/build
make[1]: Entering directory `/home/rafa/Downloads/myro-cpp-2.3.0/build/CMakeFiles/CMakeTmp'
/usr/bin/cmake -E cmake_progress_report /home/rafa/Downloads/myro-cpp-2.3.0/build/CMakeFiles/CMakeTmp/CMakeFiles 1
Building C object CMakeFiles/cmTryCompileExec.dir/CheckFunctionExists.c.o
/usr/bin/gcc   -DCHECK_FUNCTION_EXISTS=gethostbyname   -o CMakeFiles/cmTryCompileExec.dir/CheckFunctionExists.c.o   -c /usr/share/cmake-2.8/Modules/CheckFunctionExists.c
Linking C executable cmTryCompileExec
/usr/bin/cmake -E cmake_link_script CMakeFiles/cmTryCompileExec.dir/link.txt --verbose=1
/usr/bin/gcc     -DCHECK_FUNCTION_EXISTS=gethostbyname    CMakeFiles/cmTryCompileExec.dir/CheckFunctionExists.c.o  -o cmTryCompileExec -rdynamic 
make[1]: Leaving directory `/home/rafa/Downloads/myro-cpp-2.3.0/build/CMakeFiles/CMakeTmp'


Determining if the function connect exists passed with the following output:
Change Dir: /home/rafa/Downloads/myro-cpp-2.3.0/build/CMakeFiles/CMakeTmp

Run Build Command:/usr/bin/make "cmTryCompileExec/fast"
/usr/bin/make -f CMakeFiles/cmTryCompileExec.dir/build.make CMakeFiles/cmTryCompileExec.dir/build
make[1]: Entering directory `/home/rafa/Downloads/myro-cpp-2.3.0/build/CMakeFiles/CMakeTmp'
/usr/bin/cmake -E cmake_progress_report /home/rafa/Downloads/myro-cpp-2.3.0/build/CMakeFiles/CMakeTmp/CMakeFiles 1
Building C object CMakeFiles/cmTryCompileExec.dir/CheckFunctionExists.c.o
/usr/bin/gcc   -DCHECK_FUNCTION_EXISTS=connect   -o CMakeFiles/cmTryCompileExec.dir/CheckFunctionExists.c.o   -c /usr/share/cmake-2.8/Modules/CheckFunctionExists.c
Linking C executable cmTryCompileExec
/usr/bin/cmake -E cmake_link_script CMakeFiles/cmTryCompileExec.dir/link.txt --verbose=1
/usr/bin/gcc     -DCHECK_FUNCTION_EXISTS=connect    CMakeFiles/cmTryCompileExec.dir/CheckFunctionExists.c.o  -o cmTryCompileExec -rdynamic 
make[1]: Leaving directory `/home/rafa/Downloads/myro-cpp-2.3.0/build/CMakeFiles/CMakeTmp'


Determining if the function remove exists passed with the following output:
Change Dir: /home/rafa/Downloads/myro-cpp-2.3.0/build/CMakeFiles/CMakeTmp

Run Build Command:/usr/bin/make "cmTryCompileExec/fast"
/usr/bin/make -f CMakeFiles/cmTryCompileExec.dir/build.make CMakeFiles/cmTryCompileExec.dir/build
make[1]: Entering directory `/home/rafa/Downloads/myro-cpp-2.3.0/build/CMakeFiles/CMakeTmp'
/usr/bin/cmake -E cmake_progress_report /home/rafa/Downloads/myro-cpp-2.3.0/build/CMakeFiles/CMakeTmp/CMakeFiles 1
Building C object CMakeFiles/cmTryCompileExec.dir/CheckFunctionExists.c.o
/usr/bin/gcc   -DCHECK_FUNCTION_EXISTS=remove   -o CMakeFiles/cmTryCompileExec.dir/CheckFunctionExists.c.o   -c /usr/share/cmake-2.8/Modules/CheckFunctionExists.c
Linking C executable cmTryCompileExec
/usr/bin/cmake -E cmake_link_script CMakeFiles/cmTryCompileExec.dir/link.txt --verbose=1
/usr/bin/gcc     -DCHECK_FUNCTION_EXISTS=remove    CMakeFiles/cmTryCompileExec.dir/CheckFunctionExists.c.o  -o cmTryCompileExec -rdynamic 
make[1]: Leaving directory `/home/rafa/Downloads/myro-cpp-2.3.0/build/CMakeFiles/CMakeTmp'


Determining if the function shmat exists passed with the following output:
Change Dir: /home/rafa/Downloads/myro-cpp-2.3.0/build/CMakeFiles/CMakeTmp

Run Build Command:/usr/bin/make "cmTryCompileExec/fast"
/usr/bin/make -f CMakeFiles/cmTryCompileExec.dir/build.make CMakeFiles/cmTryCompileExec.dir/build
make[1]: Entering directory `/home/rafa/Downloads/myro-cpp-2.3.0/build/CMakeFiles/CMakeTmp'
/usr/bin/cmake -E cmake_progress_report /home/rafa/Downloads/myro-cpp-2.3.0/build/CMakeFiles/CMakeTmp/CMakeFiles 1
Building C object CMakeFiles/cmTryCompileExec.dir/CheckFunctionExists.c.o
/usr/bin/gcc   -DCHECK_FUNCTION_EXISTS=shmat   -o CMakeFiles/cmTryCompileExec.dir/CheckFunctionExists.c.o   -c /usr/share/cmake-2.8/Modules/CheckFunctionExists.c
Linking C executable cmTryCompileExec
/usr/bin/cmake -E cmake_link_script CMakeFiles/cmTryCompileExec.dir/link.txt --verbose=1
/usr/bin/gcc     -DCHECK_FUNCTION_EXISTS=shmat    CMakeFiles/cmTryCompileExec.dir/CheckFunctionExists.c.o  -o cmTryCompileExec -rdynamic 
make[1]: Leaving directory `/home/rafa/Downloads/myro-cpp-2.3.0/build/CMakeFiles/CMakeTmp'


Determining if the function IceConnectionNumber exists in the ICE passed with the following output:
Change Dir: /home/rafa/Downloads/myro-cpp-2.3.0/build/CMakeFiles/CMakeTmp

Run Build Command:/usr/bin/make "cmTryCompileExec/fast"
/usr/bin/make -f CMakeFiles/cmTryCompileExec.dir/build.make CMakeFiles/cmTryCompileExec.dir/build
make[1]: Entering directory `/home/rafa/Downloads/myro-cpp-2.3.0/build/CMakeFiles/CMakeTmp'
/usr/bin/cmake -E cmake_progress_report /home/rafa/Downloads/myro-cpp-2.3.0/build/CMakeFiles/CMakeTmp/CMakeFiles 1
Building C object CMakeFiles/cmTryCompileExec.dir/CheckFunctionExists.c.o
/usr/bin/gcc   -DCHECK_FUNCTION_EXISTS=IceConnectionNumber   -o CMakeFiles/cmTryCompileExec.dir/CheckFunctionExists.c.o   -c /usr/share/cmake-2.8/Modules/CheckFunctionExists.c
Linking C executable cmTryCompileExec
/usr/bin/cmake -E cmake_link_script CMakeFiles/cmTryCompileExec.dir/link.txt --verbose=1
/usr/bin/gcc     -DCHECK_FUNCTION_EXISTS=IceConnectionNumber    CMakeFiles/cmTryCompileExec.dir/CheckFunctionExists.c.o  -o cmTryCompileExec -rdynamic -lICE 
make[1]: Leaving directory `/home/rafa/Downloads/myro-cpp-2.3.0/build/CMakeFiles/CMakeTmp'


